22:43:21.950 INFO   [traceId:  spanId: ] --- [background-preinit] o.h.validator.internal.util.Version : HV000001: Hibernate Validator 6.2.5.Final
22:43:22.010 INFO   [traceId:  spanId: ] --- [restartedMain] com.gitlab.GazonMain : Starting GazonMain using Java 17.0.10 on DESKTOP-V2F91A0 with PID 14152 (C:\Users\User\IdeaProjects\p_dp_ecommerce_1\gazon-service\target\classes started by User in C:\Users\User\IdeaProjects\p_dp_ecommerce_1)
22:43:22.011 INFO   [traceId:  spanId: ] --- [restartedMain] com.gitlab.GazonMain : The following 1 profile is active: "security"
22:43:22.209 INFO   [traceId:  spanId: ] --- [restartedMain] o.s.b.d.e.DevToolsPropertyDefaultsPostProcessor : Devtools property defaults active! Set 'spring.devtools.add-properties' to 'false' to disable
22:43:22.212 INFO   [traceId:  spanId: ] --- [restartedMain] o.s.b.d.e.DevToolsPropertyDefaultsPostProcessor : For additional web related logging consider setting the 'logging.level.web' property to 'DEBUG'
22:43:24.791 INFO   [traceId:  spanId: ] --- [restartedMain] o.s.d.r.c.RepositoryConfigurationDelegate : Bootstrapping Spring Data JPA repositories in DEFAULT mode.
22:43:25.049 INFO   [traceId:  spanId: ] --- [restartedMain] o.s.d.r.c.RepositoryConfigurationDelegate : Finished Spring Data repository scanning in 245 ms. Found 19 JPA repository interfaces.
22:43:25.698 INFO   [traceId:  spanId: ] --- [restartedMain] o.s.cloud.context.scope.GenericScope : BeanFactory id=91c10a8a-9cbc-39a9-8150-22c1ef09a7d9
22:43:27.217 INFO   [traceId:  spanId: ] --- [restartedMain] o.s.b.w.e.tomcat.TomcatWebServer : Tomcat initialized with port(s): 8080 (http)
22:43:27.232 INFO   [traceId:  spanId: ] --- [restartedMain] o.a.coyote.http11.Http11NioProtocol : Initializing ProtocolHandler ["http-nio-8080"]
22:43:27.233 INFO   [traceId:  spanId: ] --- [restartedMain] o.a.catalina.core.StandardService : Starting service [Tomcat]
22:43:27.233 INFO   [traceId:  spanId: ] --- [restartedMain] o.a.catalina.core.StandardEngine : Starting Servlet engine: [Apache Tomcat/9.0.75]
22:43:27.420 INFO   [traceId:  spanId: ] --- [restartedMain] o.a.c.c.C.[Tomcat].[localhost].[/] : Initializing Spring embedded WebApplicationContext
22:43:27.421 INFO   [traceId:  spanId: ] --- [restartedMain] o.s.b.w.s.c.ServletWebServerApplicationContext : Root WebApplicationContext: initialization completed in 5208 ms
22:43:27.515 INFO   [traceId:  spanId: ] --- [restartedMain] com.zaxxer.hikari.HikariDataSource : HikariPool-1 - Starting...
22:43:27.687 INFO   [traceId:  spanId: ] --- [restartedMain] com.zaxxer.hikari.HikariDataSource : HikariPool-1 - Start completed.
22:43:27.702 INFO   [traceId:  spanId: ] --- [restartedMain] o.s.b.a.h.H2ConsoleAutoConfiguration : H2 console available at '/h2-console'. Database available at 'jdbc:postgresql://localhost:5432/gazon_db?useUnicode=yes&characterEncoding=UTF-8&serverTimezone=Europe/Moscow'
22:43:28.731 INFO   [traceId:  spanId: ] --- [restartedMain] liquibase.database : Set default schema name to public
22:43:28.890 INFO   [traceId:  spanId: ] --- [restartedMain] liquibase.lockservice : Successfully acquired change log lock
22:43:30.163 INFO   [traceId:  spanId: ] --- [restartedMain] liquibase.changelog : Reading from public.databasechangelog
22:43:30.358 INFO   [traceId:  spanId: ] --- [restartedMain] liquibase.lockservice : Successfully released change log lock
22:43:30.570 INFO   [traceId:  spanId: ] --- [restartedMain] o.h.jpa.internal.util.LogHelper : HHH000204: Processing PersistenceUnitInfo [name: default]
22:43:30.700 INFO   [traceId:  spanId: ] --- [restartedMain] org.hibernate.Version : HHH000412: Hibernate ORM core version 5.6.15.Final
22:43:31.000 INFO   [traceId:  spanId: ] --- [restartedMain] o.h.annotations.common.Version : HCANN000001: Hibernate Commons Annotations {5.1.2.Final}
22:43:31.242 INFO   [traceId:  spanId: ] --- [restartedMain] org.hibernate.dialect.Dialect : HHH000400: Using dialect: org.hibernate.dialect.PostgreSQLDialect
22:43:31.325 INFO   [traceId:  spanId: ] --- [restartedMain] o.h.e.b.internal.EnversServiceImpl : Envers integration enabled? : true
22:43:32.170 INFO   [traceId:  spanId: ] --- [restartedMain] org.hibernate.search.engine.Version : HSEARCH000034: Hibernate Search 5.11.8.Final
22:43:33.435 INFO   [traceId:  spanId: ] --- [restartedMain] o.h.e.t.j.p.i.JtaPlatformInitiator : HHH000490: Using JtaPlatform implementation: [org.hibernate.engine.transaction.jta.platform.internal.NoJtaPlatform]
22:43:34.006 WARN   [traceId:  spanId: ] --- [restartedMain] o.h.s.i.i.LuceneEmbeddedIndexFamilyImpl : HSEARCH000075: Configuration setting hibernate.search.lucene_version was not specified: using LUCENE_CURRENT.
22:43:34.122 INFO   [traceId:  spanId: ] --- [restartedMain] o.s.o.j.LocalContainerEntityManagerFactoryBean : Initialized JPA EntityManagerFactory for persistence unit 'default'
22:43:37.583 WARN   [traceId:  spanId: ] --- [restartedMain] o.s.b.a.o.j.JpaBaseConfiguration$JpaWebConfiguration : spring.jpa.open-in-view is enabled by default. Therefore, database queries may be performed during view rendering. Explicitly configure spring.jpa.open-in-view to disable this warning
22:43:38.418 INFO   [traceId:  spanId: ] --- [restartedMain] o.s.s.web.DefaultSecurityFilterChain : Will secure any request with [org.springframework.security.web.session.DisableEncodeUrlFilter@10fca81c, org.springframework.security.web.context.request.async.WebAsyncManagerIntegrationFilter@7a07de6a, org.springframework.security.web.context.SecurityContextPersistenceFilter@61222b58, org.springframework.security.web.header.HeaderWriterFilter@7358f3ef, org.springframework.security.web.authentication.logout.LogoutFilter@5cd261dc, org.springframework.security.web.savedrequest.RequestCacheAwareFilter@650074da, org.springframework.security.web.servletapi.SecurityContextHolderAwareRequestFilter@167dd47d, org.springframework.security.web.authentication.AnonymousAuthenticationFilter@485c96b9, org.springframework.security.web.session.SessionManagementFilter@1248eddc, org.springframework.security.web.access.ExceptionTranslationFilter@282b36ba, org.springframework.security.web.access.intercept.FilterSecurityInterceptor@7f069c4b]
22:43:38.962 INFO   [traceId:  spanId: ] --- [restartedMain] o.s.b.d.a.OptionalLiveReloadServer : LiveReload server is running on port 35729
22:43:40.394 INFO   [traceId:  spanId: ] --- [restartedMain] o.a.coyote.http11.Http11NioProtocol : Starting ProtocolHandler ["http-nio-8080"]
22:43:40.401 WARN   [traceId:  spanId: ] --- [restartedMain] o.s.b.w.s.c.AnnotationConfigServletWebServerApplicationContext : Exception encountered during context initialization - cancelling refresh attempt: org.springframework.context.ApplicationContextException: Failed to start bean 'webServerStartStop'; nested exception is org.springframework.boot.web.server.PortInUseException: Port 8080 is already in use
22:43:40.434 INFO   [traceId:  spanId: ] --- [restartedMain] o.s.o.j.LocalContainerEntityManagerFactoryBean : Closing JPA EntityManagerFactory for persistence unit 'default'
22:43:40.449 INFO   [traceId:  spanId: ] --- [restartedMain] com.zaxxer.hikari.HikariDataSource : HikariPool-1 - Shutdown initiated...
22:43:40.463 INFO   [traceId:  spanId: ] --- [restartedMain] com.zaxxer.hikari.HikariDataSource : HikariPool-1 - Shutdown completed.
22:43:40.467 INFO   [traceId:  spanId: ] --- [restartedMain] o.a.coyote.http11.Http11NioProtocol : Pausing ProtocolHandler ["http-nio-8080"]
22:43:40.467 INFO   [traceId:  spanId: ] --- [restartedMain] o.a.catalina.core.StandardService : Stopping service [Tomcat]
22:43:40.472 INFO   [traceId:  spanId: ] --- [restartedMain] o.a.coyote.http11.Http11NioProtocol : Stopping ProtocolHandler ["http-nio-8080"]
22:43:40.473 INFO   [traceId:  spanId: ] --- [restartedMain] o.a.coyote.http11.Http11NioProtocol : Destroying ProtocolHandler ["http-nio-8080"]
22:43:40.491 INFO   [traceId:  spanId: ] --- [restartedMain] o.s.b.a.l.ConditionEvaluationReportLoggingListener : 

Error starting ApplicationContext. To display the conditions report re-run your application with 'debug' enabled.
22:43:40.527 ERROR  [traceId:  spanId: ] --- [restartedMain] o.s.b.d.LoggingFailureAnalysisReporter : 

***************************
APPLICATION FAILED TO START
***************************

Description:

Web server failed to start. Port 8080 was already in use.

Action:

Identify and stop the process that's listening on port 8080 or configure this application to listen on another port.

22:46:50.861 INFO   [traceId:  spanId: ] --- [background-preinit] o.h.validator.internal.util.Version : HV000001: Hibernate Validator 6.2.5.Final
22:46:50.883 INFO   [traceId:  spanId: ] --- [restartedMain] com.gitlab.GazonMain : Starting GazonMain using Java 17.0.10 on DESKTOP-V2F91A0 with PID 2888 (C:\Users\User\IdeaProjects\p_dp_ecommerce_1\gazon-service\target\classes started by User in C:\Users\User\IdeaProjects\p_dp_ecommerce_1)
22:46:50.884 INFO   [traceId:  spanId: ] --- [restartedMain] com.gitlab.GazonMain : The following 1 profile is active: "security"
22:46:50.970 INFO   [traceId:  spanId: ] --- [restartedMain] o.s.b.d.e.DevToolsPropertyDefaultsPostProcessor : Devtools property defaults active! Set 'spring.devtools.add-properties' to 'false' to disable
22:46:50.970 INFO   [traceId:  spanId: ] --- [restartedMain] o.s.b.d.e.DevToolsPropertyDefaultsPostProcessor : For additional web related logging consider setting the 'logging.level.web' property to 'DEBUG'
22:46:53.139 INFO   [traceId:  spanId: ] --- [restartedMain] o.s.d.r.c.RepositoryConfigurationDelegate : Bootstrapping Spring Data JPA repositories in DEFAULT mode.
22:46:53.426 INFO   [traceId:  spanId: ] --- [restartedMain] o.s.d.r.c.RepositoryConfigurationDelegate : Finished Spring Data repository scanning in 269 ms. Found 19 JPA repository interfaces.
22:46:54.030 INFO   [traceId:  spanId: ] --- [restartedMain] o.s.cloud.context.scope.GenericScope : BeanFactory id=91c10a8a-9cbc-39a9-8150-22c1ef09a7d9
22:46:55.575 INFO   [traceId:  spanId: ] --- [restartedMain] o.s.b.w.e.tomcat.TomcatWebServer : Tomcat initialized with port(s): 8080 (http)
22:46:55.591 INFO   [traceId:  spanId: ] --- [restartedMain] o.a.coyote.http11.Http11NioProtocol : Initializing ProtocolHandler ["http-nio-8080"]
22:46:55.592 INFO   [traceId:  spanId: ] --- [restartedMain] o.a.catalina.core.StandardService : Starting service [Tomcat]
22:46:55.592 INFO   [traceId:  spanId: ] --- [restartedMain] o.a.catalina.core.StandardEngine : Starting Servlet engine: [Apache Tomcat/9.0.75]
22:46:55.765 INFO   [traceId:  spanId: ] --- [restartedMain] o.a.c.c.C.[Tomcat].[localhost].[/] : Initializing Spring embedded WebApplicationContext
22:46:55.766 INFO   [traceId:  spanId: ] --- [restartedMain] o.s.b.w.s.c.ServletWebServerApplicationContext : Root WebApplicationContext: initialization completed in 4795 ms
22:46:55.853 INFO   [traceId:  spanId: ] --- [restartedMain] com.zaxxer.hikari.HikariDataSource : HikariPool-1 - Starting...
22:46:56.014 INFO   [traceId:  spanId: ] --- [restartedMain] com.zaxxer.hikari.HikariDataSource : HikariPool-1 - Start completed.
22:46:56.029 INFO   [traceId:  spanId: ] --- [restartedMain] o.s.b.a.h.H2ConsoleAutoConfiguration : H2 console available at '/h2-console'. Database available at 'jdbc:postgresql://localhost:5432/gazon_db?useUnicode=yes&characterEncoding=UTF-8&serverTimezone=Europe/Moscow'
22:46:56.994 INFO   [traceId:  spanId: ] --- [restartedMain] liquibase.database : Set default schema name to public
22:46:57.147 INFO   [traceId:  spanId: ] --- [restartedMain] liquibase.lockservice : Successfully acquired change log lock
22:46:58.253 INFO   [traceId:  spanId: ] --- [restartedMain] liquibase.changelog : Reading from public.databasechangelog
22:46:58.433 INFO   [traceId:  spanId: ] --- [restartedMain] liquibase.lockservice : Successfully released change log lock
22:46:58.625 INFO   [traceId:  spanId: ] --- [restartedMain] o.h.jpa.internal.util.LogHelper : HHH000204: Processing PersistenceUnitInfo [name: default]
22:46:58.755 INFO   [traceId:  spanId: ] --- [restartedMain] org.hibernate.Version : HHH000412: Hibernate ORM core version 5.6.15.Final
22:46:59.055 INFO   [traceId:  spanId: ] --- [restartedMain] o.h.annotations.common.Version : HCANN000001: Hibernate Commons Annotations {5.1.2.Final}
22:46:59.274 INFO   [traceId:  spanId: ] --- [restartedMain] org.hibernate.dialect.Dialect : HHH000400: Using dialect: org.hibernate.dialect.PostgreSQLDialect
22:46:59.338 INFO   [traceId:  spanId: ] --- [restartedMain] o.h.e.b.internal.EnversServiceImpl : Envers integration enabled? : true
22:47:00.076 INFO   [traceId:  spanId: ] --- [restartedMain] org.hibernate.search.engine.Version : HSEARCH000034: Hibernate Search 5.11.8.Final
22:47:01.023 INFO   [traceId:  spanId: ] --- [restartedMain] o.h.e.t.j.p.i.JtaPlatformInitiator : HHH000490: Using JtaPlatform implementation: [org.hibernate.engine.transaction.jta.platform.internal.NoJtaPlatform]
22:47:01.512 WARN   [traceId:  spanId: ] --- [restartedMain] o.h.s.i.i.LuceneEmbeddedIndexFamilyImpl : HSEARCH000075: Configuration setting hibernate.search.lucene_version was not specified: using LUCENE_CURRENT.
22:47:01.798 INFO   [traceId:  spanId: ] --- [restartedMain] o.s.o.j.LocalContainerEntityManagerFactoryBean : Initialized JPA EntityManagerFactory for persistence unit 'default'
22:47:05.942 WARN   [traceId:  spanId: ] --- [restartedMain] o.s.b.a.o.j.JpaBaseConfiguration$JpaWebConfiguration : spring.jpa.open-in-view is enabled by default. Therefore, database queries may be performed during view rendering. Explicitly configure spring.jpa.open-in-view to disable this warning
22:47:06.742 INFO   [traceId:  spanId: ] --- [restartedMain] o.s.s.web.DefaultSecurityFilterChain : Will secure any request with [org.springframework.security.web.session.DisableEncodeUrlFilter@70c9fb45, org.springframework.security.web.context.request.async.WebAsyncManagerIntegrationFilter@1adcefe, org.springframework.security.web.context.SecurityContextPersistenceFilter@750386fb, org.springframework.security.web.header.HeaderWriterFilter@31364435, org.springframework.security.web.authentication.logout.LogoutFilter@5eb7857e, org.springframework.security.web.savedrequest.RequestCacheAwareFilter@5c8e475, org.springframework.security.web.servletapi.SecurityContextHolderAwareRequestFilter@7bea2a8c, org.springframework.security.web.authentication.AnonymousAuthenticationFilter@4459b975, org.springframework.security.web.session.SessionManagementFilter@5838e9ae, org.springframework.security.web.access.ExceptionTranslationFilter@6d167ae5, org.springframework.security.web.access.intercept.FilterSecurityInterceptor@4c11ca95]
22:47:07.284 WARN   [traceId:  spanId: ] --- [restartedMain] o.s.b.d.a.OptionalLiveReloadServer : Unable to start LiveReload server
22:47:08.754 INFO   [traceId:  spanId: ] --- [restartedMain] o.a.coyote.http11.Http11NioProtocol : Starting ProtocolHandler ["http-nio-8080"]
22:47:08.782 INFO   [traceId:  spanId: ] --- [restartedMain] o.s.b.w.e.tomcat.TomcatWebServer : Tomcat started on port(s): 8080 (http) with context path ''
22:47:10.162 INFO   [traceId: 3c157fa2a764d2cf spanId: 3c157fa2a764d2cf] --- [http-nio-8080-exec-1] o.a.c.c.C.[Tomcat].[localhost].[/] : Initializing Spring DispatcherServlet 'dispatcherServlet'
22:47:10.163 INFO   [traceId: 3c157fa2a764d2cf spanId: 3c157fa2a764d2cf] --- [http-nio-8080-exec-1] o.s.web.servlet.DispatcherServlet : Initializing Servlet 'dispatcherServlet'
22:47:10.166 INFO   [traceId: 3c157fa2a764d2cf spanId: 3c157fa2a764d2cf] --- [http-nio-8080-exec-1] o.s.web.servlet.DispatcherServlet : Completed initialization in 3 ms
22:47:10.547 INFO   [traceId:  spanId: ] --- [restartedMain] com.gitlab.GazonMain : Started GazonMain in 20.743 seconds (JVM running for 22.736)
22:49:31.409 INFO   [traceId:  spanId: ] --- [SpringApplicationShutdownHook] o.s.o.j.LocalContainerEntityManagerFactoryBean : Closing JPA EntityManagerFactory for persistence unit 'default'
22:49:31.495 INFO   [traceId:  spanId: ] --- [SpringApplicationShutdownHook] com.zaxxer.hikari.HikariDataSource : HikariPool-1 - Shutdown initiated...
22:49:31.519 INFO   [traceId:  spanId: ] --- [SpringApplicationShutdownHook] com.zaxxer.hikari.HikariDataSource : HikariPool-1 - Shutdown completed.
